This is pdfTeX, Version 3.141592653-2.6-1.40.24 (MiKTeX 21.12) (preloaded format=pdflatex 2021.12.9)  9 DEC 2021 15:29
entering extended mode
 restricted \write18 enabled.
 %&-line parsing enabled.
**./rapport.tex
(rapport.tex
LaTeX2e <2021-11-15>
L3 programming layer <2021-11-12>
(/home/suiziide/.miktex/texmfs/install/tex/latex/base/article.cls
Document Class: article 2021/10/04 v1.4n Standard LaTeX document class
(/home/suiziide/.miktex/texmfs/install/tex/latex/base/size12.clo
File: size12.clo 2021/10/04 v1.4n Standard LaTeX file (size option)
)
\c@part=\count183
\c@section=\count184
\c@subsection=\count185
\c@subsubsection=\count186
\c@paragraph=\count187
\c@subparagraph=\count188
\c@figure=\count189
\c@table=\count190
\abovecaptionskip=\skip47
\belowcaptionskip=\skip48
\bibindent=\dimen138
)
(/home/suiziide/.miktex/texmfs/install/tex/generic/babel/babel.sty
Package: babel 2021/11/08 3.66 The Babel package
\babel@savecnt=\count191
\U@D=\dimen139
\l@unhyphenated=\language1

(/home/suiziide/.miktex/texmfs/install/tex/generic/babel/txtbabel.def)
\bbl@readstream=\read2
\bbl@dirlevel=\count192

*************************************
* Local config file bblopts.cfg used
*
(/home/suiziide/.miktex/texmfs/install/tex/latex/arabi/bblopts.cfg
File: bblopts.cfg 2005/09/08 v0.1 add Arabic and Farsi to "declared" options of
 babel
)
(/home/suiziide/.miktex/texmfs/install/tex/latex/babel-english/english.ldf
Language: english 2017/06/06 v3.3r English support from the babel system
))
(/home/suiziide/.miktex/texmfs/install/tex/latex/base/inputenc.sty
Package: inputenc 2021/02/14 v1.3d Input encoding file
\inpenc@prehook=\toks16
\inpenc@posthook=\toks17
)
(/home/suiziide/.miktex/texmfs/install/tex/latex/graphics/graphicx.sty
Package: graphicx 2021/09/16 v1.2d Enhanced LaTeX Graphics (DPC,SPQR)

(/home/suiziide/.miktex/texmfs/install/tex/latex/graphics/keyval.sty
Package: keyval 2014/10/28 v1.15 key=value parser (DPC)
\KV@toks@=\toks18
)
(/home/suiziide/.miktex/texmfs/install/tex/latex/graphics/graphics.sty
Package: graphics 2021/03/04 v1.4d Standard LaTeX Graphics (DPC,SPQR)

(/home/suiziide/.miktex/texmfs/install/tex/latex/graphics/trig.sty
Package: trig 2021/08/11 v1.11 sin cos tan (DPC)
)
(/home/suiziide/.miktex/texmfs/install/tex/latex/graphics-cfg/graphics.cfg
File: graphics.cfg 2016/06/04 v1.11 sample graphics configuration
)
Package graphics Info: Driver file: pdftex.def on input line 107.

(/home/suiziide/.miktex/texmfs/install/tex/latex/graphics-def/pdftex.def
File: pdftex.def 2020/10/05 v1.2a Graphics/color driver for pdftex
))
\Gin@req@height=\dimen140
\Gin@req@width=\dimen141
)
(/home/suiziide/.miktex/texmfs/install/tex/latex/amsmath/amsmath.sty
Package: amsmath 2021/10/15 v2.17l AMS math features
\@mathmargin=\skip49

For additional information on amsmath, use the `?' option.
(/home/suiziide/.miktex/texmfs/install/tex/latex/amsmath/amstext.sty
Package: amstext 2021/08/26 v2.01 AMS text

(/home/suiziide/.miktex/texmfs/install/tex/latex/amsmath/amsgen.sty
File: amsgen.sty 1999/11/30 v2.0 generic functions
\@emptytoks=\toks19
\ex@=\dimen142
))
(/home/suiziide/.miktex/texmfs/install/tex/latex/amsmath/amsbsy.sty
Package: amsbsy 1999/11/29 v1.2d Bold Symbols
\pmbraise@=\dimen143
)
(/home/suiziide/.miktex/texmfs/install/tex/latex/amsmath/amsopn.sty
Package: amsopn 2021/08/26 v2.02 operator names
)
\inf@bad=\count193
LaTeX Info: Redefining \frac on input line 234.
\uproot@=\count194
\leftroot@=\count195
LaTeX Info: Redefining \overline on input line 399.
\classnum@=\count196
\DOTSCASE@=\count197
LaTeX Info: Redefining \ldots on input line 496.
LaTeX Info: Redefining \dots on input line 499.
LaTeX Info: Redefining \cdots on input line 620.
\Mathstrutbox@=\box50
\strutbox@=\box51
\big@size=\dimen144
LaTeX Font Info:    Redeclaring font encoding OML on input line 743.
LaTeX Font Info:    Redeclaring font encoding OMS on input line 744.
\macc@depth=\count198
\c@MaxMatrixCols=\count199
\dotsspace@=\muskip16
\c@parentequation=\count266
\dspbrk@lvl=\count267
\tag@help=\toks20
\row@=\count268
\column@=\count269
\maxfields@=\count270
\andhelp@=\toks21
\eqnshift@=\dimen145
\alignsep@=\dimen146
\tagshift@=\dimen147
\tagwidth@=\dimen148
\totwidth@=\dimen149
\lineht@=\dimen150
\@envbody=\toks22
\multlinegap=\skip50
\multlinetaggap=\skip51
\mathdisplay@stack=\toks23
LaTeX Info: Redefining \[ on input line 2938.
LaTeX Info: Redefining \] on input line 2939.
)
(/home/suiziide/.miktex/texmfs/install/tex/latex/listings/listings.sty
\lst@mode=\count271
\lst@gtempboxa=\box52
\lst@token=\toks24
\lst@length=\count272
\lst@currlwidth=\dimen151
\lst@column=\count273
\lst@pos=\count274
\lst@lostspace=\dimen152
\lst@width=\dimen153
\lst@newlines=\count275
\lst@lineno=\count276
\lst@maxwidth=\dimen154

(/home/suiziide/.miktex/texmfs/install/tex/latex/listings/lstmisc.sty
File: lstmisc.sty 2020/03/24 1.8d (Carsten Heinz)
\c@lstnumber=\count277
\lst@skipnumbers=\count278
\lst@framebox=\box53
)
(/home/suiziide/.miktex/texmfs/install/tex/latex/listings/listings.cfg
File: listings.cfg 2020/03/24 1.8d listings configuration
))
Package: listings 2020/03/24 1.8d (Carsten Heinz)

(/home/suiziide/.miktex/texmfs/install/tex/latex/base/textcomp.sty
Package: textcomp 2020/02/02 v2.0n Standard LaTeX package
)
(/home/suiziide/.miktex/texmfs/install/tex/latex/xcolor/xcolor.sty
Package: xcolor 2021/10/31 v2.13 LaTeX color extensions (UK)

(/home/suiziide/.miktex/texmfs/install/tex/latex/graphics-cfg/color.cfg
File: color.cfg 2016/01/02 v1.6 sample color configuration
)
Package xcolor Info: Driver file: pdftex.def on input line 227.
Package xcolor Info: Model `cmy' substituted by `cmy0' on input line 1352.
Package xcolor Info: Model `hsb' substituted by `rgb' on input line 1356.
Package xcolor Info: Model `RGB' extended on input line 1368.
Package xcolor Info: Model `HTML' substituted by `rgb' on input line 1370.
Package xcolor Info: Model `Hsb' substituted by `hsb' on input line 1371.
Package xcolor Info: Model `tHsb' substituted by `hsb' on input line 1372.
Package xcolor Info: Model `HSB' substituted by `hsb' on input line 1373.
Package xcolor Info: Model `Gray' substituted by `gray' on input line 1374.
Package xcolor Info: Model `wave' substituted by `hsb' on input line 1375.
)
(/home/suiziide/.miktex/texmfs/install/tex/latex/fancyhdr/fancyhdr.sty
Package: fancyhdr 2021/01/28 v4.0.1 Extensive control of page headers and foote
rs
\f@nch@headwidth=\skip52
\f@nch@O@elh=\skip53
\f@nch@O@erh=\skip54
\f@nch@O@olh=\skip55
\f@nch@O@orh=\skip56
\f@nch@O@elf=\skip57
\f@nch@O@erf=\skip58
\f@nch@O@olf=\skip59
\f@nch@O@orf=\skip60
)
(/home/suiziide/.miktex/texmfs/install/tex/latex/caption/caption.sty
Package: caption 2020/10/26 v3.5g Customizing captions (AR)

(/home/suiziide/.miktex/texmfs/install/tex/latex/caption/caption3.sty
Package: caption3 2020/10/21 v2.2e caption3 kernel (AR)
\captionmargin=\dimen155
\captionmargin@=\dimen156
\captionwidth=\dimen157
\caption@tempdima=\dimen158
\caption@indent=\dimen159
\caption@parindent=\dimen160
\caption@hangindent=\dimen161
Package caption Info: Standard document class detected.
)
\c@caption@flags=\count279
\c@continuedfloat=\count280
Package caption Info: listings package is loaded.
)
(/home/suiziide/.miktex/texmfs/install/tex/latex/l3backend/l3backend-pdftex.def
File: l3backend-pdftex.def 2021-10-18 L3 backend support: PDF output (pdfTeX)
\l__color_backend_stack_int=\count281
\l__pdf_internal_box=\box54
) (rapport.aux)
\openout1 = `rapport.aux'.

LaTeX Font Info:    Checking defaults for OML/cmm/m/it on input line 57.
LaTeX Font Info:    ... okay on input line 57.
LaTeX Font Info:    Checking defaults for OMS/cmsy/m/n on input line 57.
LaTeX Font Info:    ... okay on input line 57.
LaTeX Font Info:    Checking defaults for OT1/cmr/m/n on input line 57.
LaTeX Font Info:    ... okay on input line 57.
LaTeX Font Info:    Checking defaults for T1/cmr/m/n on input line 57.
LaTeX Font Info:    ... okay on input line 57.
LaTeX Font Info:    Checking defaults for TS1/cmr/m/n on input line 57.
LaTeX Font Info:    ... okay on input line 57.
LaTeX Font Info:    Checking defaults for OMX/cmex/m/n on input line 57.
LaTeX Font Info:    ... okay on input line 57.
LaTeX Font Info:    Checking defaults for U/cmr/m/n on input line 57.
LaTeX Font Info:    ... okay on input line 57.

(/home/suiziide/.miktex/texmfs/install/tex/context/base/mkii/supp-pdf.mkii
[Loading MPS to PDF converter (version 2006.09.02).]
\scratchcounter=\count282
\scratchdimen=\dimen162
\scratchbox=\box55
\nofMPsegments=\count283
\nofMParguments=\count284
\everyMPshowfont=\toks25
\MPscratchCnt=\count285
\MPscratchDim=\dimen163
\MPnumerator=\count286
\makeMPintoPDFobject=\count287
\everyMPtoPDFconversion=\toks26
)
(/home/suiziide/.miktex/texmfs/install/tex/latex/epstopdf-pkg/epstopdf-base.sty
Package: epstopdf-base 2020-01-24 v2.11 Base part for package epstopdf
Package epstopdf-base Info: Redefining graphics rule for `.eps' on input line 4
85.
(/home/suiziide/.miktex/texmfs/install/tex/latex/00miktex/epstopdf-sys.cfg
File: epstopdf-sys.cfg 2021/03/18 v2.0 Configuration of epstopdf for MiKTeX
))
\c@lstlisting=\count288
Package caption Info: Begin \AtBeginDocument code.
Package caption Info: End \AtBeginDocument code.

[1

{/home/suiziide/.miktex/texmfs/data/fonts/map/pdftex/pdftex.map}]
(rapport.toc

Package fancyhdr Warning: \headheight is too small (12.0pt): 
(fancyhdr)                Make it at least 14.49998pt, for example:
(fancyhdr)                \setlength{\headheight}{14.49998pt}.
(fancyhdr)                You might also make \topmargin smaller to compensate:

(fancyhdr)                \addtolength{\topmargin}{-2.49998pt}.

[2])
\tf@toc=\write3
\openout3 = `rapport.toc'.



Package fancyhdr Warning: \headheight is too small (12.0pt): 
(fancyhdr)                Make it at least 14.49998pt, for example:
(fancyhdr)                \setlength{\headheight}{14.49998pt}.
(fancyhdr)                You might also make \topmargin smaller to compensate:

(fancyhdr)                \addtolength{\topmargin}{-2.49998pt}.

[3]
Overfull \hbox (1.06271pt too wide) in paragraph at lines 74--75
\OT1/cmr/m/n/12 ensures that int \OT1/cmr/m/it/12 finishedGames \OT1/cmr/m/n/12
 can only be incremented once for each instance
 []


Package fancyhdr Warning: \headheight is too small (12.0pt): 
(fancyhdr)                Make it at least 14.49998pt, for example:
(fancyhdr)                \setlength{\headheight}{14.49998pt}.
(fancyhdr)                You might also make \topmargin smaller to compensate:

(fancyhdr)                \addtolength{\topmargin}{-2.49998pt}.

[4]
Overfull \hbox (6.62366pt too wide) in paragraph at lines 80--81
\OT1/cmr/m/n/12 the char array that represents the board, each returning an int
-array containing
 []


Overfull \hbox (8.96947pt too wide) in paragraph at lines 80--81
\OT1/cmr/m/n/12 `W', and adding their position to their respective array, throu
gh their respective
 []


Overfull \hbox (18.24925pt too wide) in paragraph at lines 91--92
\OT1/cmr/m/n/12 done by initializing \OT1/cmr/m/it/12 int[] nameOfIntegerArray 
= new int[nameOfArrayList.size()]
 []


Package fancyhdr Warning: \headheight is too small (12.0pt): 
(fancyhdr)                Make it at least 14.49998pt, for example:
(fancyhdr)                \setlength{\headheight}{14.49998pt}.
(fancyhdr)                You might also make \topmargin smaller to compensate:

(fancyhdr)                \addtolength{\topmargin}{-2.49998pt}.

[5] (/home/suiziide/.miktex/texmfs/install/tex/latex/listings/lstlang1.sty
File: lstlang1.sty 2020/03/24 1.8d listings language file
)
LaTeX Font Info:    Trying to load font information for TS1+cmtt on input line 
101.

(/home/suiziide/.miktex/texmfs/install/tex/latex/base/ts1cmtt.fd
File: ts1cmtt.fd 2019/12/16 v2.5j Standard LaTeX font definitions
)

Package fancyhdr Warning: \headheight is too small (12.0pt): 
(fancyhdr)                Make it at least 14.49998pt, for example:
(fancyhdr)                \setlength{\headheight}{14.49998pt}.
(fancyhdr)                You might also make \topmargin smaller to compensate:

(fancyhdr)                \addtolength{\topmargin}{-2.49998pt}.

[6]
Overfull \hbox (12.59444pt too wide) in paragraph at lines 117--117
\OT1/cmr/m/n/12 method, fileDiff(), returns an int, calculated by subtracting 1
 from the positional
 []


Overfull \hbox (3.77458pt too wide) in paragraph at lines 122--122
\OT1/cmr/m/n/12 passing through the filter, \OT1/cmr/m/it/12 isLegal() \OT1/cmr
/m/n/12 recognizes it as a valid move, in accordance
 []


Package fancyhdr Warning: \headheight is too small (12.0pt): 
(fancyhdr)                Make it at least 14.49998pt, for example:
(fancyhdr)                \setlength{\headheight}{14.49998pt}.
(fancyhdr)                You might also make \topmargin smaller to compensate:

(fancyhdr)                \addtolength{\topmargin}{-2.49998pt}.

[7]
Overfull \hbox (17.95439pt too wide) in paragraph at lines 134--135
[]\OT1/cmr/m/n/12 The static method \OT1/cmr/m/it/12 finishedGames() \OT1/cmr/m
/n/12 was implemented with the same functionality
 []


Package fancyhdr Warning: \headheight is too small (12.0pt): 
(fancyhdr)                Make it at least 14.49998pt, for example:
(fancyhdr)                \setlength{\headheight}{14.49998pt}.
(fancyhdr)                You might also make \topmargin smaller to compensate:

(fancyhdr)                \addtolength{\topmargin}{-2.49998pt}.

[8]
Overfull \hbox (13.33133pt too wide) in paragraph at lines 137--137
\OT1/cmr/m/n/12 Afterwards, the instance variables \OT1/cmr/m/it/12 turn\OT1/cm
r/m/n/12 , \OT1/cmr/m/it/12 isWhite\OT1/cmr/m/n/12 , and \OT1/cmr/m/it/12 isGam
eDone \OT1/cmr/m/n/12 for \OT1/cmr/m/it/12 newBoard
 []


Package fancyhdr Warning: \headheight is too small (12.0pt): 
(fancyhdr)                Make it at least 14.49998pt, for example:
(fancyhdr)                \setlength{\headheight}{14.49998pt}.
(fancyhdr)                You might also make \topmargin smaller to compensate:

(fancyhdr)                \addtolength{\topmargin}{-2.49998pt}.

[9]

Package fancyhdr Warning: \headheight is too small (12.0pt): 
(fancyhdr)                Make it at least 14.49998pt, for example:
(fancyhdr)                \setlength{\headheight}{14.49998pt}.
(fancyhdr)                You might also make \topmargin smaller to compensate:

(fancyhdr)                \addtolength{\topmargin}{-2.49998pt}.

[10]
<Billeder//isLegalprint.png, id=43, 315.579pt x 338.4645pt>
File: Billeder//isLegalprint.png Graphic file (type png)
<use Billeder//isLegalprint.png>
Package pdftex.def Info: Billeder//isLegalprint.png  used on input line 160.
(pdftex.def)             Requested size: 195.0pt x 209.13828pt.
<Billeder//19til13TakeFejl.png, id=44, 490.83376pt x 339.51843pt>
File: Billeder//19til13TakeFejl.png Graphic file (type png)
<use Billeder//19til13TakeFejl.png>
Package pdftex.def Info: Billeder//19til13TakeFejl.png  used on input line 169.

(pdftex.def)             Requested size: 272.99881pt x 188.84422pt.


Package fancyhdr Warning: \headheight is too small (12.0pt): 
(fancyhdr)                Make it at least 14.49998pt, for example:
(fancyhdr)                \setlength{\headheight}{14.49998pt}.
(fancyhdr)                You might also make \topmargin smaller to compensate:

(fancyhdr)                \addtolength{\topmargin}{-2.49998pt}.

[11 <./Billeder//isLegalprint.png (PNG copy)>]
<Billeder//15til17TakeFejl.png, id=48, 490.83376pt x 339.51843pt>
File: Billeder//15til17TakeFejl.png Graphic file (type png)
<use Billeder//15til17TakeFejl.png>
Package pdftex.def Info: Billeder//15til17TakeFejl.png  used on input line 178.

(pdftex.def)             Requested size: 272.99881pt x 188.84422pt.


LaTeX Warning: `h' float specifier changed to `ht'.


Package fancyhdr Warning: \headheight is too small (12.0pt): 
(fancyhdr)                Make it at least 14.49998pt, for example:
(fancyhdr)                \setlength{\headheight}{14.49998pt}.
(fancyhdr)                You might also make \topmargin smaller to compensate:

(fancyhdr)                \addtolength{\topmargin}{-2.49998pt}.

[12 <./Billeder//19til13TakeFejl.png>]
<Billeder//isLegalProf/LovligeTrækOgTakeMoves/DuMåGodLaveLovligeTræk.png, id
=52, 294.34969pt x 322.20375pt>
File: Billeder//isLegalProf/LovligeTrækOgTakeMoves/DuMåGodLaveLovligeTræk.pn
g Graphic file (type png)
<use Billeder//isLegalProf/LovligeTrækOgTakeMoves/DuMåGodLaveLovligeTræk.png
>
Package pdftex.def Info: Billeder//isLegalProf/LovligeTrækOgTakeMoves/DuMåGod
LaveLovligeTræk.png  used on input line 189.
(pdftex.def)             Requested size: 155.99762pt x 170.76225pt.
<Billeder//isLegalProf/MåIkkeRykkeTilFelterDerStårEnBrik.png, id=53, 295.8553
2pt x 398.99063pt>
File: Billeder//isLegalProf/MåIkkeRykkeTilFelterDerStårEnBrik.png Graphic fil
e (type png)
<use Billeder//isLegalProf/MåIkkeRykkeTilFelterDerStårEnBrik.png>
Package pdftex.def Info: Billeder//isLegalProf/MåIkkeRykkeTilFelterDerStårEnB
rik.png  used on input line 195.
(pdftex.def)             Requested size: 155.99762pt x 210.38034pt.


LaTeX Warning: `h' float specifier changed to `ht'.

<Billeder//isLegalProf/3in1.png, id=54, 627.5445pt x 236.68425pt>
File: Billeder//isLegalProf/3in1.png Graphic file (type png)
<use Billeder//isLegalProf/3in1.png>
Package pdftex.def Info: Billeder//isLegalProf/3in1.png  used on input line 201
.
(pdftex.def)             Requested size: 390.0pt x 147.09303pt.

LaTeX Warning: `h' float specifier changed to `ht'.

<Billeder//isLegalProf/IkkeRykkeBagudEllerOutOfBounds.png, id=55, 293.59688pt x
 506.6428pt>
File: Billeder//isLegalProf/IkkeRykkeBagudEllerOutOfBounds.png Graphic file (ty
pe png)
<use Billeder//isLegalProf/IkkeRykkeBagudEllerOutOfBounds.png>
Package pdftex.def Info: Billeder//isLegalProf/IkkeRykkeBagudEllerOutOfBounds.p
ng  used on input line 207.
(pdftex.def)             Requested size: 155.99762pt x 269.19199pt.

LaTeX Warning: `h' float specifier changed to `ht'.

File: Billeder//isLegalProf/MåIkkeRykkeTilFelterDerStårEnBrik.png Graphic fil
e (type png)
<use Billeder//isLegalProf/MåIkkeRykkeTilFelterDerStårEnBrik.png>
Package pdftex.def Info: Billeder//isLegalProf/MåIkkeRykkeTilFelterDerStårEnB
rik.png  used on input line 213.
(pdftex.def)             Requested size: 155.99762pt x 210.38034pt.

LaTeX Warning: `h' float specifier changed to `ht'.


Package fancyhdr Warning: \headheight is too small (12.0pt): 
(fancyhdr)                Make it at least 14.49998pt, for example:
(fancyhdr)                \setlength{\headheight}{14.49998pt}.
(fancyhdr)                You might also make \topmargin smaller to compensate:

(fancyhdr)                \addtolength{\topmargin}{-2.49998pt}.

[13 <./Billeder//15til17TakeFejl.png> <./Billeder//isLegalProf/LovligeTrækOgTa
keMoves/DuMåGodLaveLovligeTræk.png>]

Package fancyhdr Warning: \headheight is too small (12.0pt): 
(fancyhdr)                Make it at least 14.49998pt, for example:
(fancyhdr)                \setlength{\headheight}{14.49998pt}.
(fancyhdr)                You might also make \topmargin smaller to compensate:

(fancyhdr)                \addtolength{\topmargin}{-2.49998pt}.

[14 <./Billeder//isLegalProf/MåIkkeRykkeTilFelterDerStårEnBrik.png> <./Billed
er//isLegalProf/3in1.png (PNG copy)>]

Package fancyhdr Warning: \headheight is too small (12.0pt): 
(fancyhdr)                Make it at least 14.49998pt, for example:
(fancyhdr)                \setlength{\headheight}{14.49998pt}.
(fancyhdr)                You might also make \topmargin smaller to compensate:

(fancyhdr)                \addtolength{\topmargin}{-2.49998pt}.

[15 <./Billeder//isLegalProf/IkkeRykkeBagudEllerOutOfBounds.png>]
<Billeder//TestAfFinishedGames.png, id=66, 474.27188pt x 504.38437pt>
File: Billeder//TestAfFinishedGames.png Graphic file (type png)
<use Billeder//TestAfFinishedGames.png>
Package pdftex.def Info: Billeder//TestAfFinishedGames.png  used on input line 
222.
(pdftex.def)             Requested size: 234.00238pt x 248.85907pt.


Package fancyhdr Warning: \headheight is too small (12.0pt): 
(fancyhdr)                Make it at least 14.49998pt, for example:
(fancyhdr)                \setlength{\headheight}{14.49998pt}.
(fancyhdr)                You might also make \topmargin smaller to compensate:

(fancyhdr)                \addtolength{\topmargin}{-2.49998pt}.

[16

 <./Billeder//TestAfFinishedGames.png>]
<Billeder//2in1.png, id=70, 623.32875pt x 383.031pt>
File: Billeder//2in1.png Graphic file (type png)
<use Billeder//2in1.png>
Package pdftex.def Info: Billeder//2in1.png  used on input line 230.
(pdftex.def)             Requested size: 350.99762pt x 215.68819pt.


Package fancyhdr Warning: \headheight is too small (12.0pt): 
(fancyhdr)                Make it at least 14.49998pt, for example:
(fancyhdr)                \setlength{\headheight}{14.49998pt}.
(fancyhdr)                You might also make \topmargin smaller to compensate:

(fancyhdr)                \addtolength{\topmargin}{-2.49998pt}.

[17 <./Billeder//2in1.png (PNG copy)>]

Package fancyhdr Warning: \headheight is too small (12.0pt): 
(fancyhdr)                Make it at least 14.49998pt, for example:
(fancyhdr)                \setlength{\headheight}{14.49998pt}.
(fancyhdr)                You might also make \topmargin smaller to compensate:

(fancyhdr)                \addtolength{\topmargin}{-2.49998pt}.

[18] (../../src/Move.java)

Package fancyhdr Warning: \headheight is too small (12.0pt): 
(fancyhdr)                Make it at least 14.49998pt, for example:
(fancyhdr)                \setlength{\headheight}{14.49998pt}.
(fancyhdr)                You might also make \topmargin smaller to compensate:

(fancyhdr)                \addtolength{\topmargin}{-2.49998pt}.

[19] (../../src/Board.java

Package fancyhdr Warning: \headheight is too small (12.0pt): 
(fancyhdr)                Make it at least 14.49998pt, for example:
(fancyhdr)                \setlength{\headheight}{14.49998pt}.
(fancyhdr)                You might also make \topmargin smaller to compensate:

(fancyhdr)                \addtolength{\topmargin}{-2.49998pt}.

[20]

Package fancyhdr Warning: \headheight is too small (12.0pt): 
(fancyhdr)                Make it at least 14.49998pt, for example:
(fancyhdr)                \setlength{\headheight}{14.49998pt}.
(fancyhdr)                You might also make \topmargin smaller to compensate:

(fancyhdr)                \addtolength{\topmargin}{-2.49998pt}.

[21]

Package fancyhdr Warning: \headheight is too small (12.0pt): 
(fancyhdr)                Make it at least 14.49998pt, for example:
(fancyhdr)                \setlength{\headheight}{14.49998pt}.
(fancyhdr)                You might also make \topmargin smaller to compensate:

(fancyhdr)                \addtolength{\topmargin}{-2.49998pt}.

[22])

Package fancyhdr Warning: \headheight is too small (12.0pt): 
(fancyhdr)                Make it at least 14.49998pt, for example:
(fancyhdr)                \setlength{\headheight}{14.49998pt}.
(fancyhdr)                You might also make \topmargin smaller to compensate:

(fancyhdr)                \addtolength{\topmargin}{-2.49998pt}.

[23] (../../src/MainTest.java

Package fancyhdr Warning: \headheight is too small (12.0pt): 
(fancyhdr)                Make it at least 14.49998pt, for example:
(fancyhdr)                \setlength{\headheight}{14.49998pt}.
(fancyhdr)                You might also make \topmargin smaller to compensate:

(fancyhdr)                \addtolength{\topmargin}{-2.49998pt}.

[24]

Package fancyhdr Warning: \headheight is too small (12.0pt): 
(fancyhdr)                Make it at least 14.49998pt, for example:
(fancyhdr)                \setlength{\headheight}{14.49998pt}.
(fancyhdr)                You might also make \topmargin smaller to compensate:

(fancyhdr)                \addtolength{\topmargin}{-2.49998pt}.

[25]

Package fancyhdr Warning: \headheight is too small (12.0pt): 
(fancyhdr)                Make it at least 14.49998pt, for example:
(fancyhdr)                \setlength{\headheight}{14.49998pt}.
(fancyhdr)                You might also make \topmargin smaller to compensate:

(fancyhdr)                \addtolength{\topmargin}{-2.49998pt}.

[26])

Package fancyhdr Warning: \headheight is too small (12.0pt): 
(fancyhdr)                Make it at least 14.49998pt, for example:
(fancyhdr)                \setlength{\headheight}{14.49998pt}.
(fancyhdr)                You might also make \topmargin smaller to compensate:

(fancyhdr)                \addtolength{\topmargin}{-2.49998pt}.

[27] (rapport.aux) ) 
Here is how much of TeX's memory you used:
 6589 strings out of 480612
 108473 string characters out of 2897866
 1199771 words of memory out of 3000000
 24361 multiletter control sequences out of 15000+600000
 412298 words of font info for 58 fonts, out of 8000000 for 9000
 0 hyphenation exceptions out of 8191
 55i,12n,63p,1367b,1237s stack positions out of 5000i,500n,10000p,200000b,80000s
 </home/suiziide/.miktex/texmfs/data/fonts/pk/ljfour/jknapp
en/ec/dpi600/tcit0800.pk> </home/suiziide/.miktex/texmfs/data/fonts/pk/ljfour/j
knappen/ec/dpi600/tctt0800.pk></home/suiziide/.miktex/texmfs/install/fonts/type
1/public/amsfonts/cm/cmbx12.pfb></home/suiziide/.miktex/texmfs/install/fonts/ty
pe1/public/amsfonts/cm/cmbxti10.pfb></home/suiziide/.miktex/texmfs/install/font
s/type1/public/amsfonts/cm/cmitt10.pfb></home/suiziide/.miktex/texmfs/install/f
onts/type1/public/amsfonts/cm/cmmi12.pfb></home/suiziide/.miktex/texmfs/install
/fonts/type1/public/amsfonts/cm/cmmi8.pfb></home/suiziide/.miktex/texmfs/instal
l/fonts/type1/public/amsfonts/cm/cmr12.pfb></home/suiziide/.miktex/texmfs/insta
ll/fonts/type1/public/amsfonts/cm/cmr17.pfb></home/suiziide/.miktex/texmfs/inst
all/fonts/type1/public/amsfonts/cm/cmsy8.pfb></home/suiziide/.miktex/texmfs/ins
tall/fonts/type1/public/amsfonts/cm/cmti12.pfb></home/suiziide/.miktex/texmfs/i
nstall/fonts/type1/public/amsfonts/cm/cmti8.pfb></home/suiziide/.miktex/texmfs/
install/fonts/type1/public/amsfonts/cm/cmtt8.pfb>
Output written on rapport.pdf (27 pages, 642683 bytes).
PDF statistics:
 163 PDF objects out of 1000 (max. 8388607)
 0 named destinations out of 1000 (max. 500000)
 46 words of extra memory for PDF output out of 10000 (max. 10000000)

